<?xml version="1.0" encoding="UTF-8"?>
<testsuite xmlns:xsi="http://www.w3.org/2001/XMLSchema-instance" xsi:noNamespaceSchemaLocation="https://maven.apache.org/surefire/maven-surefire-plugin/xsd/surefire-test-report.xsd" name="com.ibm.AppTest" time="0.021" tests="1" errors="0" skipped="0" failures="0">
  <properties>
    <property name="sun.desktop" value="gnome"/>
    <property name="awt.toolkit" value="sun.awt.X11.XToolkit"/>
    <property name="file.encoding.pkg" value="sun.io"/>
    <property name="java.specification.version" value="1.8"/>
    <property name="sun.cpu.isalist" value=""/>
    <property name="sun.jnu.encoding" value="UTF-8"/>
    <property name="java.class.path" value="/home/jahn/code/AMLSim/amlsim/target/test-classes:/home/jahn/code/AMLSim/amlsim/target/classes:/home/jahn/.m2/repository/junit/junit/4.11/junit-4.11.jar:/home/jahn/.m2/repository/org/hamcrest/hamcrest-core/1.3/hamcrest-core-1.3.jar:/home/jahn/.m2/repository/fr/irit/smac/thirdparty/edu/gmu/cs/mason/18/mason-18.jar:/home/jahn/.m2/repository/org/jfree/jfreechart/1.0.19/jfreechart-1.0.19.jar:/home/jahn/.m2/repository/org/jfree/jcommon/1.0.23/jcommon-1.0.23.jar:/home/jahn/.m2/repository/com/itextpdf/itextpdf/5.5.6/itextpdf-5.5.6.jar:/home/jahn/.m2/repository/javax/media/jmf/2.1.1e/jmf-2.1.1e.jar:/home/jahn/.m2/repository/java3d/j3d-core/1.3.1/j3d-core-1.3.1.jar:/home/jahn/.m2/repository/java3d/vecmath/1.3.1/vecmath-1.3.1.jar:/home/jahn/.m2/repository/java3d/j3d-core-utils/1.3.1/j3d-core-utils-1.3.1.jar:/home/jahn/.m2/repository/org/jogamp/jogl/jogl-all-main/2.2.4/jogl-all-main-2.2.4.jar:/home/jahn/.m2/repository/org/jogamp/jogl/jogl-all/2.2.4/jogl-all-2.2.4.jar:/home/jahn/.m2/repository/org/jogamp/jogl/jogl-all/2.2.4/jogl-all-2.2.4-natives-android-armv6.jar:/home/jahn/.m2/repository/org/jogamp/jogl/jogl-all/2.2.4/jogl-all-2.2.4-natives-linux-amd64.jar:/home/jahn/.m2/repository/org/jogamp/jogl/jogl-all/2.2.4/jogl-all-2.2.4-natives-linux-armv6.jar:/home/jahn/.m2/repository/org/jogamp/jogl/jogl-all/2.2.4/jogl-all-2.2.4-natives-linux-armv6hf.jar:/home/jahn/.m2/repository/org/jogamp/jogl/jogl-all/2.2.4/jogl-all-2.2.4-natives-linux-i586.jar:/home/jahn/.m2/repository/org/jogamp/jogl/jogl-all/2.2.4/jogl-all-2.2.4-natives-macosx-universal.jar:/home/jahn/.m2/repository/org/jogamp/jogl/jogl-all/2.2.4/jogl-all-2.2.4-natives-solaris-amd64.jar:/home/jahn/.m2/repository/org/jogamp/jogl/jogl-all/2.2.4/jogl-all-2.2.4-natives-solaris-i586.jar:/home/jahn/.m2/repository/org/jogamp/jogl/jogl-all/2.2.4/jogl-all-2.2.4-natives-windows-amd64.jar:/home/jahn/.m2/repository/org/jogamp/jogl/jogl-all/2.2.4/jogl-all-2.2.4-natives-windows-i586.jar:/home/jahn/.m2/repository/org/jogamp/joal/joal-main/2.2.4/joal-main-2.2.4.jar:/home/jahn/.m2/repository/org/jogamp/joal/joal/2.2.4/joal-2.2.4.jar:/home/jahn/.m2/repository/org/jogamp/joal/joal/2.2.4/joal-2.2.4-natives-android-armv6.jar:/home/jahn/.m2/repository/org/jogamp/joal/joal/2.2.4/joal-2.2.4-natives-linux-amd64.jar:/home/jahn/.m2/repository/org/jogamp/joal/joal/2.2.4/joal-2.2.4-natives-linux-armv6.jar:/home/jahn/.m2/repository/org/jogamp/joal/joal/2.2.4/joal-2.2.4-natives-linux-armv6hf.jar:/home/jahn/.m2/repository/org/jogamp/joal/joal/2.2.4/joal-2.2.4-natives-linux-i586.jar:/home/jahn/.m2/repository/org/jogamp/joal/joal/2.2.4/joal-2.2.4-natives-macosx-universal.jar:/home/jahn/.m2/repository/org/jogamp/joal/joal/2.2.4/joal-2.2.4-natives-solaris-amd64.jar:/home/jahn/.m2/repository/org/jogamp/joal/joal/2.2.4/joal-2.2.4-natives-solaris-i586.jar:/home/jahn/.m2/repository/org/jogamp/joal/joal/2.2.4/joal-2.2.4-natives-windows-amd64.jar:/home/jahn/.m2/repository/org/jogamp/joal/joal/2.2.4/joal-2.2.4-natives-windows-i586.jar:/home/jahn/.m2/repository/org/jogamp/gluegen/gluegen-rt-main/2.2.4/gluegen-rt-main-2.2.4.jar:/home/jahn/.m2/repository/org/jogamp/gluegen/gluegen-rt/2.2.4/gluegen-rt-2.2.4.jar:/home/jahn/.m2/repository/org/jogamp/gluegen/gluegen-rt/2.2.4/gluegen-rt-2.2.4-natives-android-armv6.jar:/home/jahn/.m2/repository/org/jogamp/gluegen/gluegen-rt/2.2.4/gluegen-rt-2.2.4-natives-linux-amd64.jar:/home/jahn/.m2/repository/org/jogamp/gluegen/gluegen-rt/2.2.4/gluegen-rt-2.2.4-natives-linux-armv6.jar:/home/jahn/.m2/repository/org/jogamp/gluegen/gluegen-rt/2.2.4/gluegen-rt-2.2.4-natives-linux-armv6hf.jar:/home/jahn/.m2/repository/org/jogamp/gluegen/gluegen-rt/2.2.4/gluegen-rt-2.2.4-natives-linux-i586.jar:/home/jahn/.m2/repository/org/jogamp/gluegen/gluegen-rt/2.2.4/gluegen-rt-2.2.4-natives-macosx-universal.jar:/home/jahn/.m2/repository/org/jogamp/gluegen/gluegen-rt/2.2.4/gluegen-rt-2.2.4-natives-solaris-amd64.jar:/home/jahn/.m2/repository/org/jogamp/gluegen/gluegen-rt/2.2.4/gluegen-rt-2.2.4-natives-solaris-i586.jar:/home/jahn/.m2/repository/org/jogamp/gluegen/gluegen-rt/2.2.4/gluegen-rt-2.2.4-natives-windows-amd64.jar:/home/jahn/.m2/repository/org/jogamp/gluegen/gluegen-rt/2.2.4/gluegen-rt-2.2.4-natives-windows-i586.jar:/home/jahn/.m2/repository/org/apache/commons/commons-math3/3.6.1/commons-math3-3.6.1.jar:/home/jahn/.m2/repository/it/unimi/dsi/dsiutils/2.4.2/dsiutils-2.4.2.jar:/home/jahn/.m2/repository/com/google/guava/guava/23.2-jre/guava-23.2-jre.jar:/home/jahn/.m2/repository/com/google/code/findbugs/jsr305/1.3.9/jsr305-1.3.9.jar:/home/jahn/.m2/repository/com/google/errorprone/error_prone_annotations/2.0.18/error_prone_annotations-2.0.18.jar:/home/jahn/.m2/repository/com/google/j2objc/j2objc-annotations/1.1/j2objc-annotations-1.1.jar:/home/jahn/.m2/repository/org/codehaus/mojo/animal-sniffer-annotations/1.14/animal-sniffer-annotations-1.14.jar:/home/jahn/.m2/repository/ch/qos/logback/logback-classic/1.2.3/logback-classic-1.2.3.jar:/home/jahn/.m2/repository/ch/qos/logback/logback-core/1.2.3/logback-core-1.2.3.jar:/home/jahn/.m2/repository/commons-configuration/commons-configuration/1.10/commons-configuration-1.10.jar:/home/jahn/.m2/repository/commons-logging/commons-logging/1.1.1/commons-logging-1.1.1.jar:/home/jahn/.m2/repository/commons-io/commons-io/2.5/commons-io-2.5.jar:/home/jahn/.m2/repository/commons-collections/commons-collections/20040616/commons-collections-20040616.jar:/home/jahn/.m2/repository/it/unimi/dsi/fastutil/8.1.0/fastutil-8.1.0.jar:/home/jahn/.m2/repository/com/martiansoftware/jsap/2.1/jsap-2.1.jar:/home/jahn/.m2/repository/mysql/mysql-connector-java/5.1.46/mysql-connector-java-5.1.46.jar:/home/jahn/.m2/repository/org/slf4j/slf4j-api/1.7.25/slf4j-api-1.7.25.jar:/home/jahn/.m2/repository/it/unimi/dsi/sux4j/4.2.0/sux4j-4.2.0.jar:/home/jahn/.m2/repository/commons-lang/commons-lang/2.6/commons-lang-2.6.jar:/home/jahn/.m2/repository/it/unimi/dsi/webgraph/3.6.1/webgraph-3.6.1.jar:/home/jahn/.m2/repository/net/sf/jung/jung-api/2.1.1/jung-api-2.1.1.jar:/home/jahn/.m2/repository/net/sf/jung/jung-io/2.1.1/jung-io-2.1.1.jar:/home/jahn/.m2/repository/net/sf/jung/jung-algorithms/2.1.1/jung-algorithms-2.1.1.jar:/home/jahn/.m2/repository/org/apache/commons/commons-lang3/3.7/commons-lang3-3.7.jar:/home/jahn/.m2/repository/org/paysim/paysim/2.0.0/paysim-2.0.0.jar:"/>
    <property name="java.vm.vendor" value="Oracle Corporation"/>
    <property name="sun.arch.data.model" value="64"/>
    <property name="java.vendor.url" value="http://java.oracle.com/"/>
    <property name="user.timezone" value=""/>
    <property name="java.vm.specification.version" value="1.8"/>
    <property name="os.name" value="Linux"/>
    <property name="user.country" value="US"/>
    <property name="sun.java.launcher" value="SUN_STANDARD"/>
    <property name="sun.boot.library.path" value="/usr/lib/jvm/java-8-oracle/jre/lib/amd64"/>
    <property name="sun.java.command" value="/home/jahn/code/AMLSim/amlsim/target/surefire/surefirebooter3437852781940187074.jar /home/jahn/code/AMLSim/amlsim/target/surefire 2019-05-20T11-08-45_094-jvmRun1 surefire7540630238867741712tmp surefire_01910163915753842113tmp"/>
    <property name="surefire.test.class.path" value="/home/jahn/code/AMLSim/amlsim/target/test-classes:/home/jahn/code/AMLSim/amlsim/target/classes:/home/jahn/.m2/repository/junit/junit/4.11/junit-4.11.jar:/home/jahn/.m2/repository/org/hamcrest/hamcrest-core/1.3/hamcrest-core-1.3.jar:/home/jahn/.m2/repository/fr/irit/smac/thirdparty/edu/gmu/cs/mason/18/mason-18.jar:/home/jahn/.m2/repository/org/jfree/jfreechart/1.0.19/jfreechart-1.0.19.jar:/home/jahn/.m2/repository/org/jfree/jcommon/1.0.23/jcommon-1.0.23.jar:/home/jahn/.m2/repository/com/itextpdf/itextpdf/5.5.6/itextpdf-5.5.6.jar:/home/jahn/.m2/repository/javax/media/jmf/2.1.1e/jmf-2.1.1e.jar:/home/jahn/.m2/repository/java3d/j3d-core/1.3.1/j3d-core-1.3.1.jar:/home/jahn/.m2/repository/java3d/vecmath/1.3.1/vecmath-1.3.1.jar:/home/jahn/.m2/repository/java3d/j3d-core-utils/1.3.1/j3d-core-utils-1.3.1.jar:/home/jahn/.m2/repository/org/jogamp/jogl/jogl-all-main/2.2.4/jogl-all-main-2.2.4.jar:/home/jahn/.m2/repository/org/jogamp/jogl/jogl-all/2.2.4/jogl-all-2.2.4.jar:/home/jahn/.m2/repository/org/jogamp/jogl/jogl-all/2.2.4/jogl-all-2.2.4-natives-android-armv6.jar:/home/jahn/.m2/repository/org/jogamp/jogl/jogl-all/2.2.4/jogl-all-2.2.4-natives-linux-amd64.jar:/home/jahn/.m2/repository/org/jogamp/jogl/jogl-all/2.2.4/jogl-all-2.2.4-natives-linux-armv6.jar:/home/jahn/.m2/repository/org/jogamp/jogl/jogl-all/2.2.4/jogl-all-2.2.4-natives-linux-armv6hf.jar:/home/jahn/.m2/repository/org/jogamp/jogl/jogl-all/2.2.4/jogl-all-2.2.4-natives-linux-i586.jar:/home/jahn/.m2/repository/org/jogamp/jogl/jogl-all/2.2.4/jogl-all-2.2.4-natives-macosx-universal.jar:/home/jahn/.m2/repository/org/jogamp/jogl/jogl-all/2.2.4/jogl-all-2.2.4-natives-solaris-amd64.jar:/home/jahn/.m2/repository/org/jogamp/jogl/jogl-all/2.2.4/jogl-all-2.2.4-natives-solaris-i586.jar:/home/jahn/.m2/repository/org/jogamp/jogl/jogl-all/2.2.4/jogl-all-2.2.4-natives-windows-amd64.jar:/home/jahn/.m2/repository/org/jogamp/jogl/jogl-all/2.2.4/jogl-all-2.2.4-natives-windows-i586.jar:/home/jahn/.m2/repository/org/jogamp/joal/joal-main/2.2.4/joal-main-2.2.4.jar:/home/jahn/.m2/repository/org/jogamp/joal/joal/2.2.4/joal-2.2.4.jar:/home/jahn/.m2/repository/org/jogamp/joal/joal/2.2.4/joal-2.2.4-natives-android-armv6.jar:/home/jahn/.m2/repository/org/jogamp/joal/joal/2.2.4/joal-2.2.4-natives-linux-amd64.jar:/home/jahn/.m2/repository/org/jogamp/joal/joal/2.2.4/joal-2.2.4-natives-linux-armv6.jar:/home/jahn/.m2/repository/org/jogamp/joal/joal/2.2.4/joal-2.2.4-natives-linux-armv6hf.jar:/home/jahn/.m2/repository/org/jogamp/joal/joal/2.2.4/joal-2.2.4-natives-linux-i586.jar:/home/jahn/.m2/repository/org/jogamp/joal/joal/2.2.4/joal-2.2.4-natives-macosx-universal.jar:/home/jahn/.m2/repository/org/jogamp/joal/joal/2.2.4/joal-2.2.4-natives-solaris-amd64.jar:/home/jahn/.m2/repository/org/jogamp/joal/joal/2.2.4/joal-2.2.4-natives-solaris-i586.jar:/home/jahn/.m2/repository/org/jogamp/joal/joal/2.2.4/joal-2.2.4-natives-windows-amd64.jar:/home/jahn/.m2/repository/org/jogamp/joal/joal/2.2.4/joal-2.2.4-natives-windows-i586.jar:/home/jahn/.m2/repository/org/jogamp/gluegen/gluegen-rt-main/2.2.4/gluegen-rt-main-2.2.4.jar:/home/jahn/.m2/repository/org/jogamp/gluegen/gluegen-rt/2.2.4/gluegen-rt-2.2.4.jar:/home/jahn/.m2/repository/org/jogamp/gluegen/gluegen-rt/2.2.4/gluegen-rt-2.2.4-natives-android-armv6.jar:/home/jahn/.m2/repository/org/jogamp/gluegen/gluegen-rt/2.2.4/gluegen-rt-2.2.4-natives-linux-amd64.jar:/home/jahn/.m2/repository/org/jogamp/gluegen/gluegen-rt/2.2.4/gluegen-rt-2.2.4-natives-linux-armv6.jar:/home/jahn/.m2/repository/org/jogamp/gluegen/gluegen-rt/2.2.4/gluegen-rt-2.2.4-natives-linux-armv6hf.jar:/home/jahn/.m2/repository/org/jogamp/gluegen/gluegen-rt/2.2.4/gluegen-rt-2.2.4-natives-linux-i586.jar:/home/jahn/.m2/repository/org/jogamp/gluegen/gluegen-rt/2.2.4/gluegen-rt-2.2.4-natives-macosx-universal.jar:/home/jahn/.m2/repository/org/jogamp/gluegen/gluegen-rt/2.2.4/gluegen-rt-2.2.4-natives-solaris-amd64.jar:/home/jahn/.m2/repository/org/jogamp/gluegen/gluegen-rt/2.2.4/gluegen-rt-2.2.4-natives-solaris-i586.jar:/home/jahn/.m2/repository/org/jogamp/gluegen/gluegen-rt/2.2.4/gluegen-rt-2.2.4-natives-windows-amd64.jar:/home/jahn/.m2/repository/org/jogamp/gluegen/gluegen-rt/2.2.4/gluegen-rt-2.2.4-natives-windows-i586.jar:/home/jahn/.m2/repository/org/apache/commons/commons-math3/3.6.1/commons-math3-3.6.1.jar:/home/jahn/.m2/repository/it/unimi/dsi/dsiutils/2.4.2/dsiutils-2.4.2.jar:/home/jahn/.m2/repository/com/google/guava/guava/23.2-jre/guava-23.2-jre.jar:/home/jahn/.m2/repository/com/google/code/findbugs/jsr305/1.3.9/jsr305-1.3.9.jar:/home/jahn/.m2/repository/com/google/errorprone/error_prone_annotations/2.0.18/error_prone_annotations-2.0.18.jar:/home/jahn/.m2/repository/com/google/j2objc/j2objc-annotations/1.1/j2objc-annotations-1.1.jar:/home/jahn/.m2/repository/org/codehaus/mojo/animal-sniffer-annotations/1.14/animal-sniffer-annotations-1.14.jar:/home/jahn/.m2/repository/ch/qos/logback/logback-classic/1.2.3/logback-classic-1.2.3.jar:/home/jahn/.m2/repository/ch/qos/logback/logback-core/1.2.3/logback-core-1.2.3.jar:/home/jahn/.m2/repository/commons-configuration/commons-configuration/1.10/commons-configuration-1.10.jar:/home/jahn/.m2/repository/commons-logging/commons-logging/1.1.1/commons-logging-1.1.1.jar:/home/jahn/.m2/repository/commons-io/commons-io/2.5/commons-io-2.5.jar:/home/jahn/.m2/repository/commons-collections/commons-collections/20040616/commons-collections-20040616.jar:/home/jahn/.m2/repository/it/unimi/dsi/fastutil/8.1.0/fastutil-8.1.0.jar:/home/jahn/.m2/repository/com/martiansoftware/jsap/2.1/jsap-2.1.jar:/home/jahn/.m2/repository/mysql/mysql-connector-java/5.1.46/mysql-connector-java-5.1.46.jar:/home/jahn/.m2/repository/org/slf4j/slf4j-api/1.7.25/slf4j-api-1.7.25.jar:/home/jahn/.m2/repository/it/unimi/dsi/sux4j/4.2.0/sux4j-4.2.0.jar:/home/jahn/.m2/repository/commons-lang/commons-lang/2.6/commons-lang-2.6.jar:/home/jahn/.m2/repository/it/unimi/dsi/webgraph/3.6.1/webgraph-3.6.1.jar:/home/jahn/.m2/repository/net/sf/jung/jung-api/2.1.1/jung-api-2.1.1.jar:/home/jahn/.m2/repository/net/sf/jung/jung-io/2.1.1/jung-io-2.1.1.jar:/home/jahn/.m2/repository/net/sf/jung/jung-algorithms/2.1.1/jung-algorithms-2.1.1.jar:/home/jahn/.m2/repository/org/apache/commons/commons-lang3/3.7/commons-lang3-3.7.jar:/home/jahn/.m2/repository/org/paysim/paysim/2.0.0/paysim-2.0.0.jar:"/>
    <property name="sun.cpu.endian" value="little"/>
    <property name="user.home" value="/home/jahn"/>
    <property name="user.language" value="en"/>
    <property name="java.specification.vendor" value="Oracle Corporation"/>
    <property name="java.home" value="/usr/lib/jvm/java-8-oracle/jre"/>
    <property name="basedir" value="/home/jahn/code/AMLSim/amlsim"/>
    <property name="file.separator" value="/"/>
    <property name="line.separator" value="&#10;"/>
    <property name="java.vm.specification.vendor" value="Oracle Corporation"/>
    <property name="java.specification.name" value="Java Platform API Specification"/>
    <property name="java.awt.graphicsenv" value="sun.awt.X11GraphicsEnvironment"/>
    <property name="surefire.real.class.path" value="/home/jahn/code/AMLSim/amlsim/target/surefire/surefirebooter3437852781940187074.jar"/>
    <property name="sun.boot.class.path" value="/usr/lib/jvm/java-8-oracle/jre/lib/resources.jar:/usr/lib/jvm/java-8-oracle/jre/lib/rt.jar:/usr/lib/jvm/java-8-oracle/jre/lib/sunrsasign.jar:/usr/lib/jvm/java-8-oracle/jre/lib/jsse.jar:/usr/lib/jvm/java-8-oracle/jre/lib/jce.jar:/usr/lib/jvm/java-8-oracle/jre/lib/charsets.jar:/usr/lib/jvm/java-8-oracle/jre/lib/jfr.jar:/usr/lib/jvm/java-8-oracle/jre/classes"/>
    <property name="sun.management.compiler" value="HotSpot 64-Bit Tiered Compilers"/>
    <property name="java.runtime.version" value="1.8.0_181-b13"/>
    <property name="user.name" value="jahn"/>
    <property name="path.separator" value=":"/>
    <property name="os.version" value="4.15.3-041503-generic"/>
    <property name="java.endorsed.dirs" value="/usr/lib/jvm/java-8-oracle/jre/lib/endorsed"/>
    <property name="java.runtime.name" value="Java(TM) SE Runtime Environment"/>
    <property name="file.encoding" value="UTF-8"/>
    <property name="java.vm.name" value="Java HotSpot(TM) 64-Bit Server VM"/>
    <property name="localRepository" value="/home/jahn/.m2/repository"/>
    <property name="java.vendor.url.bug" value="http://bugreport.sun.com/bugreport/"/>
    <property name="java.io.tmpdir" value="/tmp"/>
    <property name="java.version" value="1.8.0_181"/>
    <property name="user.dir" value="/home/jahn/code/AMLSim/amlsim"/>
    <property name="os.arch" value="amd64"/>
    <property name="java.vm.specification.name" value="Java Virtual Machine Specification"/>
    <property name="java.awt.printerjob" value="sun.print.PSPrinterJob"/>
    <property name="sun.os.patch.level" value="unknown"/>
    <property name="java.library.path" value="/usr/java/packages/lib/amd64:/usr/lib64:/lib64:/lib:/usr/lib"/>
    <property name="java.vm.info" value="mixed mode"/>
    <property name="java.vendor" value="Oracle Corporation"/>
    <property name="java.vm.version" value="25.181-b13"/>
    <property name="java.ext.dirs" value="/usr/lib/jvm/java-8-oracle/jre/lib/ext:/usr/java/packages/lib/ext"/>
    <property name="sun.io.unicode.encoding" value="UnicodeLittle"/>
    <property name="java.class.version" value="52.0"/>
  </properties>
  <testcase name="shouldAnswerWithTrue" classname="com.ibm.AppTest" time="0.002"/>
</testsuite>